SF:lib\src\extensions\time_of_day.dart
DA:4,3
DA:6,3
DA:8,1
DA:9,4
DA:10,2
DA:13,1
DA:14,6
DA:17,1
DA:18,3
DA:21,1
DA:22,2
DA:25,1
DA:29,1
DA:30,1
DA:31,1
LF:15
LH:15
end_of_record
SF:lib\src\extensions\context\context.dart
DA:7,2
DA:10,2
DA:13,2
LF:3
LH:3
end_of_record
SF:lib\src\extensions\context\localization.dart
DA:7,3
DA:10,3
LF:2
LH:2
end_of_record
SF:lib\src\extensions\context\media_query.dart
DA:6,2
DA:9,4
DA:12,4
DA:15,4
DA:18,3
DA:21,3
LF:6
LH:6
end_of_record
SF:lib\src\extensions\context\navigator.dart
DA:7,2
LF:1
LH:1
end_of_record
SF:lib\src\extensions\context\text_theme.dart
DA:5,4
DA:8,4
DA:11,4
DA:14,4
DA:17,4
DA:20,4
DA:23,4
DA:26,4
DA:29,4
DA:32,4
DA:35,4
DA:38,4
DA:41,4
LF:13
LH:13
end_of_record
SF:lib\src\extensions\context\theme.dart
DA:6,2
DA:9,3
DA:12,4
DA:15,4
LF:4
LH:4
end_of_record
