SF:lib\src\extensions\list\list.dart
DA:8,2
DA:11,1
DA:12,1
DA:13,2
DA:14,1
DA:18,1
DA:21,2
DA:22,1
DA:27,3
DA:30,5
DA:34,1
DA:35,1
DA:39,1
DA:40,2
DA:44,1
DA:45,2
DA:50,1
DA:51,1
DA:56,1
DA:57,4
DA:62,1
DA:63,4
DA:68,1
DA:70,1
DA:72,1
DA:78,1
DA:79,1
DA:80,3
DA:81,2
DA:87,0
DA:88,0
DA:93,1
DA:94,2
DA:95,1
LF:34
LH:32
end_of_record
SF:lib\src\extensions\list\list_of_num.dart
DA:4,1
DA:6,2
DA:7,1
DA:13,4
DA:17,2
DA:20,2
DA:23,3
DA:27,1
DA:28,1
DA:29,0
DA:31,1
DA:35,1
DA:36,1
DA:37,2
DA:38,1
DA:44,2
DA:47,2
DA:50,3
DA:53,1
DA:54,1
DA:55,0
DA:57,1
DA:61,1
DA:62,1
DA:63,2
DA:64,1
DA:70,2
DA:73,2
DA:77,3
DA:80,1
DA:81,1
DA:82,0
DA:84,1
LF:33
LH:30
end_of_record
