SF:lib\src\extensions\bool.dart
DA:6,1
LF:1
LH:1
end_of_record
SF:lib\src\extensions\list\list.dart
DA:8,2
DA:11,1
DA:12,1
DA:13,2
DA:14,1
DA:18,1
DA:21,2
DA:22,1
DA:27,3
DA:30,5
DA:34,1
DA:35,1
DA:39,1
DA:40,2
DA:44,1
DA:45,2
DA:50,1
DA:51,1
DA:56,1
DA:57,4
DA:62,1
DA:63,4
DA:68,1
DA:70,1
DA:72,1
DA:78,1
DA:79,1
DA:80,3
DA:81,2
DA:89,1
DA:90,2
DA:91,1
LF:32
LH:32
end_of_record
SF:lib\src\extensions\list\list_of_num.dart
DA:4,1
DA:6,2
DA:7,1
DA:13,4
DA:17,2
DA:20,2
DA:23,3
DA:27,1
DA:28,1
DA:29,1
DA:31,1
DA:35,1
DA:36,1
DA:37,2
DA:38,1
DA:44,2
DA:47,2
DA:50,3
DA:53,1
DA:54,1
DA:55,1
DA:57,1
DA:61,1
DA:62,1
DA:63,2
DA:64,1
DA:70,2
DA:73,2
DA:77,3
DA:80,1
DA:81,1
DA:82,1
DA:84,1
LF:33
LH:33
end_of_record
SF:lib\src\extensions\map\map.dart
DA:4,1
DA:5,1
DA:6,2
DA:7,1
DA:8,3
DA:15,1
DA:16,1
DA:17,2
DA:18,2
DA:24,1
DA:25,1
DA:26,2
DA:31,1
DA:32,1
DA:33,2
DA:34,1
DA:40,1
DA:41,1
DA:42,2
DA:47,1
DA:48,1
DA:49,1
DA:50,3
DA:56,1
DA:57,1
DA:58,4
LF:26
LH:26
end_of_record
SF:lib\src\extensions\string\string.dart
DA:4,2
DA:7,3
DA:10,4
DA:15,1
DA:16,1
DA:17,5
DA:22,1
DA:23,1
DA:24,5
DA:28,3
DA:32,1
DA:37,1
DA:38,2
DA:40,3
DA:45,1
DA:50,1
DA:51,2
DA:53,1
DA:59,1
DA:60,3
DA:63,1
DA:64,1
DA:65,3
LF:23
LH:23
end_of_record
SF:lib\src\extensions\string\string_conversion.dart
DA:5,2
DA:9,2
DA:13,2
DA:17,2
DA:21,2
DA:25,2
DA:29,2
DA:33,2
DA:37,2
DA:41,3
DA:45,2
DA:49,2
DA:53,2
LF:13
LH:13
end_of_record
SF:lib\src\helpers\await_for.dart
DA:5,2
DA:8,2
DA:11,2
DA:14,2
DA:17,2
DA:20,2
DA:23,2
DA:26,2
DA:29,2
DA:32,2
LF:10
LH:10
end_of_record
SF:lib\src\helpers\map.dart
DA:3,1
DA:13,1
DA:16,2
DA:18,4
DA:19,2
DA:20,2
DA:21,2
DA:22,1
DA:23,1
DA:27,2
DA:37,1
DA:43,2
DA:46,1
DA:49,3
DA:52,1
DA:53,1
DA:54,3
DA:55,1
DA:56,1
DA:57,2
DA:58,1
DA:95,1
DA:97,1
DA:99,2
DA:100,1
DA:101,1
DA:103,1
DA:104,1
DA:105,4
LF:29
LH:29
end_of_record
